e:\20-2\c++프로그래밍\cpp2048\cpp2048\x64\debug\vc142.pdb
e:\20-2\c++프로그래밍\cpp2048\cpp2048\x64\debug\vc142.idb
e:\20-2\c++프로그래밍\cpp2048\cpp2048\x64\debug\timemgr.obj
e:\20-2\c++프로그래밍\cpp2048\cpp2048\x64\debug\texture.obj
e:\20-2\c++프로그래밍\cpp2048\cpp2048\x64\debug\texmgr.obj
e:\20-2\c++프로그래밍\cpp2048\cpp2048\x64\debug\scenestart.obj
e:\20-2\c++프로그래밍\cpp2048\cpp2048\x64\debug\scenemgr.obj
e:\20-2\c++프로그래밍\cpp2048\cpp2048\x64\debug\scene.obj
e:\20-2\c++프로그래밍\cpp2048\cpp2048\x64\debug\pathmgr.obj
e:\20-2\c++프로그래밍\cpp2048\cpp2048\x64\debug\objectbackground.obj
e:\20-2\c++프로그래밍\cpp2048\cpp2048\x64\debug\keymgr.obj
e:\20-2\c++프로그래밍\cpp2048\cpp2048\x64\debug\cpp2048.obj
e:\20-2\c++프로그래밍\cpp2048\cpp2048\x64\debug\core.obj
e:\20-2\c++프로그래밍\cpp2048\cpp2048\x64\debug\object.obj
e:\20-2\c++프로그래밍\cpp2048\cpp2048\x64\debug\func.obj
e:\20-2\c++프로그래밍\cpp2048\cpp2048\x64\debug\camera.obj
e:\20-2\c++프로그래밍\cpp2048\cpp2048\x64\debug\scenemain.obj
e:\20-2\c++프로그래밍\cpp2048\cpp2048\x64\debug\sceneend.obj
e:\20-2\c++프로그래밍\cpp2048\cpp2048\x64\debug\objectimage.obj
e:\20-2\c++프로그래밍\cpp2048\cpp2048\x64\debug\scenerank.obj
e:\20-2\c++프로그래밍\cpp2048\cpp2048\x64\debug\objectgame.obj
e:\20-2\c++프로그래밍\cpp2048\bin_debug\cpp2048_64.exe
e:\20-2\c++프로그래밍\cpp2048\bin_debug\cpp2048_64.ilk
e:\20-2\c++프로그래밍\cpp2048\bin_debug\cpp2048_64.pdb
e:\20-2\c++프로그래밍\cpp2048\cpp2048\x64\debug\cpp2048.res
e:\20-2\c++프로그래밍\cpp2048\cpp2048\x64\debug\res.obj
e:\20-2\c++프로그래밍\cpp2048\cpp2048\x64\debug\resmgr.obj
e:\20-2\c++프로그래밍\cpp2048\cpp2048\x64\debug\sound.obj
e:\20-2\c++프로그래밍\cpp2048\cpp2048\x64\debug\cpp2048.tlog\cl.command.1.tlog
e:\20-2\c++프로그래밍\cpp2048\cpp2048\x64\debug\cpp2048.tlog\cl.read.1.tlog
e:\20-2\c++프로그래밍\cpp2048\cpp2048\x64\debug\cpp2048.tlog\cl.write.1.tlog
e:\20-2\c++프로그래밍\cpp2048\cpp2048\x64\debug\cpp2048.tlog\link.command.1.tlog
e:\20-2\c++프로그래밍\cpp2048\cpp2048\x64\debug\cpp2048.tlog\link.read.1.tlog
e:\20-2\c++프로그래밍\cpp2048\cpp2048\x64\debug\cpp2048.tlog\link.write.1.tlog
e:\20-2\c++프로그래밍\cpp2048\cpp2048\x64\debug\cpp2048.tlog\rc.command.1.tlog
e:\20-2\c++프로그래밍\cpp2048\cpp2048\x64\debug\cpp2048.tlog\rc.read.1.tlog
e:\20-2\c++프로그래밍\cpp2048\cpp2048\x64\debug\cpp2048.tlog\rc.write.1.tlog
