  Camera.cpp
  func.cpp
E:\20-2\C++프로그래밍\cpp2048\cpp2048\struct.h(86,14): warning C4244: 'return': 'double'에서 'float'(으)로 변환하면서 데이터가 손실될 수 있습니다.
E:\20-2\C++프로그래밍\cpp2048\cpp2048\struct.h(91,15): warning C4244: '초기화 중': 'double'에서 'float'(으)로 변환하면서 데이터가 손실될 수 있습니다.
  C:\Program Files (x86)\Windows Kits\10\Include\10.0.18362.0\um\dinput.h: DIRECTINPUT_VERSION undefined. Defaulting to version 0x0800
  Object.cpp
  Core.cpp
E:\20-2\C++프로그래밍\cpp2048\cpp2048\struct.h(86,14): warning C4244: 'return': 'double'에서 'float'(으)로 변환하면서 데이터가 손실될 수 있습니다.
E:\20-2\C++프로그래밍\cpp2048\cpp2048\struct.h(91,15): warning C4244: '초기화 중': 'double'에서 'float'(으)로 변환하면서 데이터가 손실될 수 있습니다.
  C:\Program Files (x86)\Windows Kits\10\Include\10.0.18362.0\um\dinput.h: DIRECTINPUT_VERSION undefined. Defaulting to version 0x0800
E:\20-2\C++프로그래밍\cpp2048\cpp2048\Core.cpp(45,17): warning C4838: 'UINT'에서 'LONG'(으)로의 변환에는 축소 변환이 필요합니다.
E:\20-2\C++프로그래밍\cpp2048\cpp2048\Core.cpp(45,26): warning C4838: 'UINT'에서 'LONG'(으)로의 변환에는 축소 변환이 필요합니다.
  cpp2048.cpp
E:\20-2\C++프로그래밍\cpp2048\cpp2048\struct.h(86,14): warning C4244: 'return': 'double'에서 'float'(으)로 변환하면서 데이터가 손실될 수 있습니다.
E:\20-2\C++프로그래밍\cpp2048\cpp2048\struct.h(91,15): warning C4244: '초기화 중': 'double'에서 'float'(으)로 변환하면서 데이터가 손실될 수 있습니다.
  C:\Program Files (x86)\Windows Kits\10\Include\10.0.18362.0\um\dinput.h: DIRECTINPUT_VERSION undefined. Defaulting to version 0x0800
  KeyMgr.cpp
E:\20-2\C++프로그래밍\cpp2048\cpp2048\struct.h(86,14): warning C4244: 'return': 'double'에서 'float'(으)로 변환하면서 데이터가 손실될 수 있습니다.
E:\20-2\C++프로그래밍\cpp2048\cpp2048\struct.h(91,15): warning C4244: '초기화 중': 'double'에서 'float'(으)로 변환하면서 데이터가 손실될 수 있습니다.
  C:\Program Files (x86)\Windows Kits\10\Include\10.0.18362.0\um\dinput.h: DIRECTINPUT_VERSION undefined. Defaulting to version 0x0800
  PathMgr.cpp
  Res.cpp
  ResMgr.cpp
  Sound.cpp
  Texture.cpp
  TimeMgr.cpp
E:\20-2\C++프로그래밍\cpp2048\cpp2048\struct.h(86,14): warning C4244: 'return': 'double'에서 'float'(으)로 변환하면서 데이터가 손실될 수 있습니다.
E:\20-2\C++프로그래밍\cpp2048\cpp2048\struct.h(91,15): warning C4244: '초기화 중': 'double'에서 'float'(으)로 변환하면서 데이터가 손실될 수 있습니다.
  C:\Program Files (x86)\Windows Kits\10\Include\10.0.18362.0\um\dinput.h: DIRECTINPUT_VERSION undefined. Defaulting to version 0x0800
E:\20-2\C++프로그래밍\cpp2048\cpp2048\TimeMgr.cpp(40,12): warning C4244: '인수': 'time_t'에서 'unsigned int'(으)로 변환하면서 데이터가 손실될 수 있습니다.
E:\20-2\C++프로그래밍\cpp2048\cpp2048\TimeMgr.cpp(48,43): warning C4267: '인수': 'size_t'에서 'int'(으)로 변환하면서 데이터가 손실될 수 있습니다.
  코드를 생성하고 있습니다...
  cpp2048.vcxproj -> E:\20-2\C++프로그래밍\cpp2048\bin_debug\cpp2048_64.exe
